build/app/intermediates/manifest_merge_blame_file/debug/manifest-merger-blame-debug-report.txt
1<?xml version="1.0" encoding="utf-8"?>
2<manifest xmlns:android="http://schemas.android.com/apk/res/android"
3    package="co.appbrewery.xylophone"
4    android:versionCode="1"
5    android:versionName="1.0.0" >
6
7    <uses-sdk
8        android:minSdkVersion="16"
8-->src\main\AndroidManifest.xml
9        android:targetSdkVersion="29" />
9-->src\main\AndroidManifest.xml
10
11    <!--
12         The INTERNET permission is required for development. Specifically,
13         flutter needs it to communicate with the running application
14         to allow setting breakpoints, to provide hot reload, etc.
15    -->
16    <uses-permission android:name="android.permission.INTERNET" />
16-->src\main\AndroidManifest.xml:8:5-66
16-->src\main\AndroidManifest.xml:8:22-64
17    <uses-permission android:name="android.permission.RECORD_AUDIO" />
17-->src\main\AndroidManifest.xml:9:5-70
17-->src\main\AndroidManifest.xml:9:22-68
18    <uses-permission android:name="android.permission.WRITE_EXTERNAL_STORAGE" />
18-->src\main\AndroidManifest.xml:10:5-80
18-->src\main\AndroidManifest.xml:10:22-78
19    <!--
20     io.flutter.app.FlutterApplication is an android.app.Application that
21         calls FlutterMain.startInitialization(this); in its onCreate method.
22         In most cases you can leave this as-is, but you if you want to provide
23         additional functionality it is fine to subclass or reimplement
24         FlutterApplication and put your custom class here.
25    -->
26    <application
26-->src\main\AndroidManifest.xml:16:5-39:19
27        android:name="io.flutter.app.FlutterApplication"
27-->src\main\AndroidManifest.xml:17:9-57
28        android:appComponentFactory="androidx.core.app.CoreComponentFactory"
28-->[androidx.core:core:1.1.0] AndroidManifest.xml:24:18-86
29        android:debuggable="true"
30        android:icon="@mipmap/ic_launcher"
30-->src\main\AndroidManifest.xml:19:9-43
31        android:label="xylophone" >
31-->src\main\AndroidManifest.xml:18:9-34
32        <activity
32-->src\main\AndroidManifest.xml:20:9-38:20
33            android:name="co.appbrewery.xylophone.MainActivity"
33-->src\main\AndroidManifest.xml:21:13-41
34            android:configChanges="orientation|keyboardHidden|keyboard|screenSize|locale|layoutDirection|fontScale|screenLayout|density"
34-->src\main\AndroidManifest.xml:24:13-137
35            android:hardwareAccelerated="true"
35-->src\main\AndroidManifest.xml:25:13-47
36            android:launchMode="singleTop"
36-->src\main\AndroidManifest.xml:22:13-43
37            android:theme="@style/LaunchTheme"
37-->src\main\AndroidManifest.xml:23:13-47
38            android:windowSoftInputMode="adjustResize" >
38-->src\main\AndroidManifest.xml:26:13-55
39
40            <!--
41                 This keeps the window background of the activity showing
42                 until Flutter renders its first frame. It can be removed if
43                 there is no splash screen (such as the default splash screen
44                 defined in @style/LaunchTheme).
45            -->
46            <meta-data
46-->src\main\AndroidManifest.xml:31:13-33:40
47                android:name="io.flutter.app.android.SplashScreenUntilFirstFrame"
47-->src\main\AndroidManifest.xml:32:17-82
48                android:value="true" />
48-->src\main\AndroidManifest.xml:33:17-37
49
50            <intent-filter>
50-->src\main\AndroidManifest.xml:34:13-37:29
51                <action android:name="android.intent.action.MAIN" />
51-->src\main\AndroidManifest.xml:35:17-68
51-->src\main\AndroidManifest.xml:35:25-66
52
53                <category android:name="android.intent.category.LAUNCHER" />
53-->src\main\AndroidManifest.xml:36:17-76
53-->src\main\AndroidManifest.xml:36:27-74
54            </intent-filter>
55        </activity>
56    </application>
57
58</manifest>